<?xml version="1.0" encoding="UTF-8"?>
<!-- Generated by org.testng.reporters.JUnitReportReporter -->
<testsuite hostname="WINDOWS-8B9J561" name="fabric.chain.test.NewTest" tests="1" failures="0" timestamp="14 Nov 2018 14:34:02 GMT" time="0.071" errors="0">
  <testcase name="f" time="0.071" classname="fabric.chain.test.NewTest"/>
</testsuite> <!-- fabric.chain.test.NewTest -->
